<?xml version="1.0" encoding="UTF-8" ?>
<testsuite tests="2" failures="1" name="com.jsrunner.services.JSExecutorTest" time="0.644" errors="0" skipped="0">
  <properties>
[...]
</properties>
  <testcase classname="com.jsrunner.services.JSExecutorTest" name="execute" time="0.612"/>
  <testcase classname="com.jsrunner.services.JSExecutorTest" name="executeBadFormattedScript" time="0.032">
    <failure message="Expected exception: javax.script.ScriptException" type="java.lang.AssertionError">java.lang.AssertionError: Expected exception: javax.script.ScriptException
	at org.junit.internal.runners.statements.ExpectException.evaluate(ExpectException.java:32)
	at org.junit.runners.ParentRunner.runLeaf(ParentRunner.java:325)
	at org.junit.runners.BlockJUnit4ClassRunner.runChild(BlockJUnit4ClassRunner.java:78)
	at org.junit.runners.BlockJUnit4ClassRunner.runChild(BlockJUnit4ClassRunner.java:57)
	at org.junit.runners.ParentRunner$3.run(ParentRunner.java:290)
	at org.junit.runners.ParentRunner$1.schedule(ParentRunner.java:71)
	at org.junit.runners.ParentRunner.runChildren(ParentRunner.java:288)
	at org.junit.runners.ParentRunner.access$000(ParentRunner.java:58)
	at org.junit.runners.ParentRunner$2.evaluate(ParentRunner.java:268)
	at org.junit.runners.ParentRunner.run(ParentRunner.java:363)
	at org.apache.maven.surefire.junit4.JUnit4Provider.execute(JUnit4Provider.java:252)
	at org.apache.maven.surefire.junit4.JUnit4Provider.executeTestSet(JUnit4Provider.java:141)
	at org.apache.maven.surefire.junit4.JUnit4Provider.invoke(JUnit4Provider.java:112)
	at sun.reflect.NativeMethodAccessorImpl.invoke0(Native Method)
	at sun.reflect.NativeMethodAccessorImpl.invoke(NativeMethodAccessorImpl.java:62)
	at sun.reflect.DelegatingMethodAccessorImpl.invoke(DelegatingMethodAccessorImpl.java:43)
	at java.lang.reflect.Method.invoke(Method.java:498)
	at org.apache.maven.surefire.util.ReflectionUtils.invokeMethodWithArray(ReflectionUtils.java:189)
	at org.apache.maven.surefire.booter.ProviderFactory$ProviderProxy.invoke(ProviderFactory.java:165)
	at org.apache.maven.surefire.booter.ProviderFactory.invokeProvider(ProviderFactory.java:85)
	at org.apache.maven.surefire.booter.ForkedBooter.runSuitesInProcess(ForkedBooter.java:115)
	at org.apache.maven.surefire.booter.ForkedBooter.main(ForkedBooter.java:75)
</failure>
    <system-out>19:57:30.453 [main] INFO com.jsrunner.services.JSExecutor - An exception has been occurred, while running the script
Script:prin t(&quot;Hello world!&quot;)
Exception:&lt;eval&gt;:1:5 Expected ; but found t
prin t(&quot;Hello world!&quot;)
     ^ in &lt;eval&gt; at line number 1 at column number 5
</system-out>
  </testcase>
</testsuite>